<?xml version="1.0" encoding="UTF-8"?>
<!-- Generated by org.testng.reporters.JUnitReportReporter -->
<testsuite hostname="LAPTOP-LRA4M34E" failures="0" tests="1" name="testCases.TC_001_AccountRegistrationTest1" time="3.395" errors="0" timestamp="2024-03-07T10:46:31 IST" skipped="0">
  <testcase classname="testCases.TC_001_AccountRegistrationTest1" name="verify_Account_Registration" time="3.395"/>
  <system-out/>
</testsuite> <!-- testCases.TC_001_AccountRegistrationTest1 -->
