<?xml version="1.0" encoding="UTF-8"?>
<!-- Generated by org.testng.reporters.JUnitReportReporter -->
<testsuite hostname="LAPTOP-LRA4M34E" failures="0" tests="1" name="testCases.TC_002_LoginTest" time="32.430" errors="0" timestamp="2024-03-07T10:46:31 IST" skipped="0">
  <testcase classname="testCases.TC_002_LoginTest" name="verify_login" time="32.430"/>
  <system-out/>
</testsuite> <!-- testCases.TC_002_LoginTest -->
